0 info it worked if it ends with ok
1 verbose cli [ '/home/ludovico/.nvm/versions/node/v6.10.3/bin/node',
1 verbose cli   '/home/ludovico/.nvm/versions/node/v6.10.3/bin/npm',
1 verbose cli   'run',
1 verbose cli   'publish' ]
2 info using npm@3.10.10
3 info using node@v6.10.3
4 verbose run-script [ 'prepublish', 'publish', 'postpublish' ]
5 info lifecycle calulator-react@1.0.0~prepublish: calulator-react@1.0.0
6 silly lifecycle calulator-react@1.0.0~prepublish: no script for prepublish, continuing
7 info lifecycle calulator-react@1.0.0~publish: calulator-react@1.0.0
8 verbose lifecycle calulator-react@1.0.0~publish: unsafe-perm in lifecycle true
9 verbose lifecycle calulator-react@1.0.0~publish: PATH: /home/ludovico/.nvm/versions/node/v6.10.3/lib/node_modules/npm/bin/node-gyp-bin:/home/ludovico/Desktop/Development/React/Calulator-React/node_modules/.bin:/home/ludovico/.nvm/versions/node/v6.10.3/bin:/home/ludovico/bin:/home/ludovico/.local/bin:/usr/local/sbin:/usr/local/bin:/usr/sbin:/usr/bin:/sbin:/bin:/usr/games:/usr/local/games:/usr/lib/jvm/java-10-oracle/bin:/usr/lib/jvm/java-10-oracle/db/bin
10 verbose lifecycle calulator-react@1.0.0~publish: CWD: /home/ludovico/Desktop/Development/React/Calulator-React
11 silly lifecycle calulator-react@1.0.0~publish: Args: [ '-c', 'electron-forge publish' ]
12 silly lifecycle calulator-react@1.0.0~publish: Returned: code: 1  signal: null
13 info lifecycle calulator-react@1.0.0~publish: Failed to exec publish script
14 verbose stack Error: calulator-react@1.0.0 publish: `electron-forge publish`
14 verbose stack Exit status 1
14 verbose stack     at EventEmitter.<anonymous> (/home/ludovico/.nvm/versions/node/v6.10.3/lib/node_modules/npm/lib/utils/lifecycle.js:255:16)
14 verbose stack     at emitTwo (events.js:106:13)
14 verbose stack     at EventEmitter.emit (events.js:191:7)
14 verbose stack     at ChildProcess.<anonymous> (/home/ludovico/.nvm/versions/node/v6.10.3/lib/node_modules/npm/lib/utils/spawn.js:40:14)
14 verbose stack     at emitTwo (events.js:106:13)
14 verbose stack     at ChildProcess.emit (events.js:191:7)
14 verbose stack     at maybeClose (internal/child_process.js:886:16)
14 verbose stack     at Process.ChildProcess._handle.onexit (internal/child_process.js:226:5)
15 verbose pkgid calulator-react@1.0.0
16 verbose cwd /home/ludovico/Desktop/Development/React/Calulator-React
17 error Linux 4.15.0-45-generic
18 error argv "/home/ludovico/.nvm/versions/node/v6.10.3/bin/node" "/home/ludovico/.nvm/versions/node/v6.10.3/bin/npm" "run" "publish"
19 error node v6.10.3
20 error npm  v3.10.10
21 error code ELIFECYCLE
22 error calulator-react@1.0.0 publish: `electron-forge publish`
22 error Exit status 1
23 error Failed at the calulator-react@1.0.0 publish script 'electron-forge publish'.
23 error Make sure you have the latest version of node.js and npm installed.
23 error If you do, this is most likely a problem with the calulator-react package,
23 error not with npm itself.
23 error Tell the author that this fails on your system:
23 error     electron-forge publish
23 error You can get information on how to open an issue for this project with:
23 error     npm bugs calulator-react
23 error Or if that isn't available, you can get their info via:
23 error     npm owner ls calulator-react
23 error There is likely additional logging output above.
24 verbose exit [ 1, true ]
